<?xml version="1.0" encoding="UTF-8"?>
<!-- Generated by org.testng.reporters.JUnitXMLReporter -->
<testsuite ignored="0" hostname="TS1WLKP" failures="0" tests="3" name="Chrome Test" time="136.303" errors="0" timestamp="2024-09-20T14:38:53 IST">
  <testcase classname="lambdaTestSelenium101Assignment.WindowsAndMacLambda.WindowsAndMac" name="testScenario1" time="21.2"/>
  <testcase classname="lambdaTestSelenium101Assignment.WindowsAndMacLambda.WindowsAndMac" name="testScenario2" time="12.578"/>
  <testcase classname="lambdaTestSelenium101Assignment.WindowsAndMacLambda.WindowsAndMac" name="testScenario3" time="42.011"/>
</testsuite> <!-- Chrome Test -->
