<?xml version="1.0" encoding="UTF-8"?>
<!-- Generated by org.testng.reporters.JUnitXMLReporter -->
<testsuite ignored="0" hostname="TS1WLKP" failures="0" tests="3" name="Firefox Test" time="105.556" errors="0" timestamp="2024-09-20T14:38:22 IST">
  <testcase classname="lambdaTestSelenium101Assignment.WindowsAndMacLambda.WindowsAndMac" name="testScenario1" time="20.426"/>
  <testcase classname="lambdaTestSelenium101Assignment.WindowsAndMacLambda.WindowsAndMac" name="testScenario2" time="11.004"/>
  <testcase classname="lambdaTestSelenium101Assignment.WindowsAndMacLambda.WindowsAndMac" name="testScenario3" time="39.364"/>
</testsuite> <!-- Firefox Test -->
