<?xml version="1.0" encoding="UTF-8"?>
<testng-results ignored="0" total="6" passed="6" failed="0" skipped="0">
  <reporter-output>
  </reporter-output>
  <suite started-at="2024-09-20T14:36:36 IST" name="Suite" finished-at="2024-09-20T14:38:53 IST" duration-ms="136303">
    <groups>
    </groups>
    <test started-at="2024-09-20T14:36:36 IST" name="Firefox Test" finished-at="2024-09-20T14:38:22 IST" duration-ms="105556">
      <class name="lambdaTestSelenium101Assignment.WindowsAndMacLambda.WindowsAndMac">
        <test-method is-config="true" signature="setUp(java.lang.String,java.lang.String,java.lang.String)[pri:0, instance:lambdaTestSelenium101Assignment.WindowsAndMacLambda.WindowsAndMac@5ab956d7]" started-at="2024-09-20T14:36:36 IST" name="setUp" finished-at="2024-09-20T14:36:45 IST" duration-ms="8849" status="PASS">
          <params>
            <param index="0">
              <value>
                <![CDATA[Firefox]]>
              </value>
            </param>
            <param index="1">
              <value>
                <![CDATA[129.0]]>
              </value>
            </param>
            <param index="2">
              <value>
                <![CDATA[macOS Sonoma]]>
              </value>
            </param>
          </params>
          <reporter-output>
          </reporter-output>
        </test-method> <!-- setUp -->
        <test-method signature="testScenario1()[pri:0, instance:lambdaTestSelenium101Assignment.WindowsAndMacLambda.WindowsAndMac@5ab956d7]" started-at="2024-09-20T14:36:45 IST" name="testScenario1" finished-at="2024-09-20T14:37:05 IST" duration-ms="20426" status="PASS">
          <reporter-output>
          </reporter-output>
        </test-method> <!-- testScenario1 -->
        <test-method is-config="true" signature="tearDown()[pri:0, instance:lambdaTestSelenium101Assignment.WindowsAndMacLambda.WindowsAndMac@5ab956d7]" started-at="2024-09-20T14:37:06 IST" name="tearDown" finished-at="2024-09-20T14:37:06 IST" duration-ms="719" status="PASS">
          <reporter-output>
          </reporter-output>
        </test-method> <!-- tearDown -->
        <test-method is-config="true" signature="setUp(java.lang.String,java.lang.String,java.lang.String)[pri:0, instance:lambdaTestSelenium101Assignment.WindowsAndMacLambda.WindowsAndMac@5ab956d7]" started-at="2024-09-20T14:37:06 IST" name="setUp" finished-at="2024-09-20T14:37:13 IST" duration-ms="6286" status="PASS">
          <params>
            <param index="0">
              <value>
                <![CDATA[Firefox]]>
              </value>
            </param>
            <param index="1">
              <value>
                <![CDATA[129.0]]>
              </value>
            </param>
            <param index="2">
              <value>
                <![CDATA[macOS Sonoma]]>
              </value>
            </param>
          </params>
          <reporter-output>
          </reporter-output>
        </test-method> <!-- setUp -->
        <test-method signature="testScenario2()[pri:0, instance:lambdaTestSelenium101Assignment.WindowsAndMacLambda.WindowsAndMac@5ab956d7]" started-at="2024-09-20T14:37:13 IST" name="testScenario2" finished-at="2024-09-20T14:37:24 IST" duration-ms="11004" status="PASS">
          <reporter-output>
          </reporter-output>
        </test-method> <!-- testScenario2 -->
        <test-method is-config="true" signature="tearDown()[pri:0, instance:lambdaTestSelenium101Assignment.WindowsAndMacLambda.WindowsAndMac@5ab956d7]" started-at="2024-09-20T14:37:24 IST" name="tearDown" finished-at="2024-09-20T14:37:24 IST" duration-ms="593" status="PASS">
          <reporter-output>
          </reporter-output>
        </test-method> <!-- tearDown -->
        <test-method is-config="true" signature="setUp(java.lang.String,java.lang.String,java.lang.String)[pri:0, instance:lambdaTestSelenium101Assignment.WindowsAndMacLambda.WindowsAndMac@5ab956d7]" started-at="2024-09-20T14:37:24 IST" name="setUp" finished-at="2024-09-20T14:37:42 IST" duration-ms="17625" status="PASS">
          <params>
            <param index="0">
              <value>
                <![CDATA[Firefox]]>
              </value>
            </param>
            <param index="1">
              <value>
                <![CDATA[129.0]]>
              </value>
            </param>
            <param index="2">
              <value>
                <![CDATA[macOS Sonoma]]>
              </value>
            </param>
          </params>
          <reporter-output>
          </reporter-output>
        </test-method> <!-- setUp -->
        <test-method signature="testScenario3()[pri:0, instance:lambdaTestSelenium101Assignment.WindowsAndMacLambda.WindowsAndMac@5ab956d7]" started-at="2024-09-20T14:37:42 IST" name="testScenario3" finished-at="2024-09-20T14:38:21 IST" duration-ms="39364" status="PASS">
          <reporter-output>
          </reporter-output>
        </test-method> <!-- testScenario3 -->
        <test-method is-config="true" signature="tearDown()[pri:0, instance:lambdaTestSelenium101Assignment.WindowsAndMacLambda.WindowsAndMac@5ab956d7]" started-at="2024-09-20T14:38:21 IST" name="tearDown" finished-at="2024-09-20T14:38:22 IST" duration-ms="654" status="PASS">
          <reporter-output>
          </reporter-output>
        </test-method> <!-- tearDown -->
      </class> <!-- lambdaTestSelenium101Assignment.WindowsAndMacLambda.WindowsAndMac -->
    </test> <!-- Firefox Test -->
    <test started-at="2024-09-20T14:36:36 IST" name="Chrome Test" finished-at="2024-09-20T14:38:53 IST" duration-ms="136303">
      <class name="lambdaTestSelenium101Assignment.WindowsAndMacLambda.WindowsAndMac">
        <test-method is-config="true" signature="setUp(java.lang.String,java.lang.String,java.lang.String)[pri:0, instance:lambdaTestSelenium101Assignment.WindowsAndMacLambda.WindowsAndMac@7c711375]" started-at="2024-09-20T14:36:36 IST" name="setUp" finished-at="2024-09-20T14:36:50 IST" duration-ms="13370" status="PASS">
          <params>
            <param index="0">
              <value>
                <![CDATA[Chrome]]>
              </value>
            </param>
            <param index="1">
              <value>
                <![CDATA[119.0]]>
              </value>
            </param>
            <param index="2">
              <value>
                <![CDATA[Windows 11]]>
              </value>
            </param>
          </params>
          <reporter-output>
          </reporter-output>
        </test-method> <!-- setUp -->
        <test-method signature="testScenario1()[pri:0, instance:lambdaTestSelenium101Assignment.WindowsAndMacLambda.WindowsAndMac@7c711375]" started-at="2024-09-20T14:36:50 IST" name="testScenario1" finished-at="2024-09-20T14:37:11 IST" duration-ms="21200" status="PASS">
          <reporter-output>
          </reporter-output>
        </test-method> <!-- testScenario1 -->
        <test-method is-config="true" signature="tearDown()[pri:0, instance:lambdaTestSelenium101Assignment.WindowsAndMacLambda.WindowsAndMac@7c711375]" started-at="2024-09-20T14:37:11 IST" name="tearDown" finished-at="2024-09-20T14:37:11 IST" duration-ms="658" status="PASS">
          <reporter-output>
          </reporter-output>
        </test-method> <!-- tearDown -->
        <test-method is-config="true" signature="setUp(java.lang.String,java.lang.String,java.lang.String)[pri:0, instance:lambdaTestSelenium101Assignment.WindowsAndMacLambda.WindowsAndMac@7c711375]" started-at="2024-09-20T14:37:11 IST" name="setUp" finished-at="2024-09-20T14:37:33 IST" duration-ms="21714" status="PASS">
          <params>
            <param index="0">
              <value>
                <![CDATA[Chrome]]>
              </value>
            </param>
            <param index="1">
              <value>
                <![CDATA[119.0]]>
              </value>
            </param>
            <param index="2">
              <value>
                <![CDATA[Windows 11]]>
              </value>
            </param>
          </params>
          <reporter-output>
          </reporter-output>
        </test-method> <!-- setUp -->
        <test-method signature="testScenario2()[pri:0, instance:lambdaTestSelenium101Assignment.WindowsAndMacLambda.WindowsAndMac@7c711375]" started-at="2024-09-20T14:37:33 IST" name="testScenario2" finished-at="2024-09-20T14:37:46 IST" duration-ms="12578" status="PASS">
          <reporter-output>
          </reporter-output>
        </test-method> <!-- testScenario2 -->
        <test-method is-config="true" signature="tearDown()[pri:0, instance:lambdaTestSelenium101Assignment.WindowsAndMacLambda.WindowsAndMac@7c711375]" started-at="2024-09-20T14:37:46 IST" name="tearDown" finished-at="2024-09-20T14:37:47 IST" duration-ms="925" status="PASS">
          <reporter-output>
          </reporter-output>
        </test-method> <!-- tearDown -->
        <test-method is-config="true" signature="setUp(java.lang.String,java.lang.String,java.lang.String)[pri:0, instance:lambdaTestSelenium101Assignment.WindowsAndMacLambda.WindowsAndMac@7c711375]" started-at="2024-09-20T14:37:47 IST" name="setUp" finished-at="2024-09-20T14:38:09 IST" duration-ms="22112" status="PASS">
          <params>
            <param index="0">
              <value>
                <![CDATA[Chrome]]>
              </value>
            </param>
            <param index="1">
              <value>
                <![CDATA[119.0]]>
              </value>
            </param>
            <param index="2">
              <value>
                <![CDATA[Windows 11]]>
              </value>
            </param>
          </params>
          <reporter-output>
          </reporter-output>
        </test-method> <!-- setUp -->
        <test-method signature="testScenario3()[pri:0, instance:lambdaTestSelenium101Assignment.WindowsAndMacLambda.WindowsAndMac@7c711375]" started-at="2024-09-20T14:38:09 IST" name="testScenario3" finished-at="2024-09-20T14:38:51 IST" duration-ms="42011" status="PASS">
          <reporter-output>
          </reporter-output>
        </test-method> <!-- testScenario3 -->
        <test-method is-config="true" signature="tearDown()[pri:0, instance:lambdaTestSelenium101Assignment.WindowsAndMacLambda.WindowsAndMac@7c711375]" started-at="2024-09-20T14:38:51 IST" name="tearDown" finished-at="2024-09-20T14:38:53 IST" duration-ms="1710" status="PASS">
          <reporter-output>
          </reporter-output>
        </test-method> <!-- tearDown -->
      </class> <!-- lambdaTestSelenium101Assignment.WindowsAndMacLambda.WindowsAndMac -->
    </test> <!-- Chrome Test -->
  </suite> <!-- Suite -->
</testng-results>
